<?xml version="1.0" encoding="UTF-8"?>
<!-- Generated by org.testng.reporters.JUnitReportReporter -->
<testsuite hostname="INLPF3KTLWQ" failures="0" tests="1" name="test.GoogleSearchTestNG" time="4.511" errors="0" timestamp="2022-11-03T23:39:31 IST" skipped="0">
  <testcase classname="test.GoogleSearchTestNG" name="googleSearch" time="4.511"/>
  <system-out/>
</testsuite> <!-- test.GoogleSearchTestNG -->
