<?xml version="1.0" encoding="UTF-8"?>
<!-- Generated by org.testng.reporters.JUnitReportReporter -->
<testsuite hostname="INLPF3KTLWQ" failures="0" tests="1" name="test.GoogleSearchTestNG2" time="6.654" errors="0" timestamp="2022-11-03T23:39:31 IST" skipped="0">
  <testcase classname="test.GoogleSearchTestNG2" name="googleSearch2" time="6.654"/>
  <system-out/>
</testsuite> <!-- test.GoogleSearchTestNG2 -->
